<?xml version='1.0'?>
<ns2:test-suite xmlns:ns2='urn:model.allure.qatools.yandex.ru' start='1559261035422' stop='1559261035497'>
    <name>Other languages Header</name>
    <title>Other languages Header</title>
    <test-cases>
        <test-case start='1559261035422' status='passed' stop='1559261035445'>
            <name>color</name>
            <title>color</title>
            <labels>
                <label name='language' value='javascript'/>
                <label name='framework' value='wdio'/>
                <label name='thread' value='0-0'/>
            </labels>
            <parameters>
                <parameter kind='argument' name='browser' value='chrome'/>
            </parameters>
            <steps>
                <step start='1559261035423' status='passed' stop='1559261035434'>
                    <name>POST /session/:sessionId/element</name>
                    <title>POST /session/:sessionId/element</title>
                    <attachments>
                        <attachment title='Request' source='4ccc27e4-9d6b-41c0-b7be-a037907f3403-attachment.json' type='application/json' size='64'/>
                        <attachment title='Response' source='d85be6e7-5928-4c9e-a839-68cea4fc8736-attachment.json' type='application/json' size='40'/>
                    </attachments>
                    <steps/>
                </step>
                <step start='1559261035437' status='passed' stop='1559261035444'>
                    <name>GET /session/:sessionId/element/0.46368071859146465-6/css/color</name>
                    <title>GET /session/:sessionId/element/0.46368071859146465-6/css/color</title>
                    <attachments>
                        <attachment title='Response' source='4f111013-e482-4b10-9b7a-59da4a7990a0-attachment.json' type='application/json' size='22'/>
                    </attachments>
                    <steps/>
                </step>
            </steps>
            <attachments/>
        </test-case>
        <test-case start='1559261035445' status='failed' stop='1559261035468'>
            <name>font-family</name>
            <title>font-family</title>
            <labels>
                <label name='language' value='javascript'/>
                <label name='framework' value='wdio'/>
                <label name='thread' value='0-0'/>
            </labels>
            <parameters>
                <parameter kind='argument' name='browser' value='chrome'/>
            </parameters>
            <steps>
                <step start='1559261035445' status='passed' stop='1559261035451'>
                    <name>POST /session/:sessionId/element</name>
                    <title>POST /session/:sessionId/element</title>
                    <attachments>
                        <attachment title='Request' source='ad148c0f-13ce-4f32-9aff-9c0d08e0deda-attachment.json' type='application/json' size='64'/>
                        <attachment title='Response' source='8ed6ddbc-b6bd-4f93-a537-25cea5622e3b-attachment.json' type='application/json' size='40'/>
                    </attachments>
                    <steps/>
                </step>
                <step start='1559261035455' status='passed' stop='1559261035461'>
                    <name>GET /session/:sessionId/element/0.46368071859146465-6/css/font-family</name>
                    <title>GET /session/:sessionId/element/0.46368071859146465-6/css/font-family</title>
                    <attachments>
                        <attachment title='Response' source='0331ea67-bd87-403c-8e41-6db992f45c16-attachment.json' type='application/json' size='9'/>
                    </attachments>
                    <steps/>
                </step>
            </steps>
            <attachments/>
            <failure>
                <message>'calibri' == [
                  'calibri',
                  'arial'
                ]</message>
                <stack-trace>AssertionError [ERR_ASSERTION]: 'calibri' == [
                  'calibri',
                  'arial'
                ]
                    at Context.equal (C:\QA\Health-e-Arizona-plus\test\body/other-languages.js:32:20)
                    at Promise (C:\QA\Health-e-Arizona-plus\node_modules\@wdio\sync\build\index.js:57:22)
                    at Context.executeSync (C:\QA\Health-e-Arizona-plus\node_modules\@wdio\sync\build\index.js:55:10)
                    at C:\QA\Health-e-Arizona-plus\node_modules\@wdio\sync\build\index.js:201:70</stack-trace>
            </failure>
        </test-case>
        <test-case start='1559261035468' status='failed' stop='1559261035482'>
            <name>font-size</name>
            <title>font-size</title>
            <labels>
                <label name='language' value='javascript'/>
                <label name='framework' value='wdio'/>
                <label name='thread' value='0-0'/>
            </labels>
            <parameters>
                <parameter kind='argument' name='browser' value='chrome'/>
            </parameters>
            <steps>
                <step start='1559261035468' status='passed' stop='1559261035474'>
                    <name>POST /session/:sessionId/element</name>
                    <title>POST /session/:sessionId/element</title>
                    <attachments>
                        <attachment title='Request' source='3662619b-85b9-437d-b5fb-8d38ad85b7c6-attachment.json' type='application/json' size='64'/>
                        <attachment title='Response' source='f39ff782-3c6a-4e8a-be6d-753f00b1597e-attachment.json' type='application/json' size='40'/>
                    </attachments>
                    <steps/>
                </step>
                <step start='1559261035476' status='passed' stop='1559261035482'>
                    <name>GET /session/:sessionId/element/0.46368071859146465-6/css/font-size</name>
                    <title>GET /session/:sessionId/element/0.46368071859146465-6/css/font-size</title>
                    <attachments>
                        <attachment title='Response' source='99d6b4bb-cf0b-49f1-a0b6-1f7a78545641-attachment.json' type='application/json' size='6'/>
                    </attachments>
                    <steps/>
                </step>
            </steps>
            <attachments/>
            <failure>
                <message>'22px' == [
                  '22px',
                  '17.3333px'
                ]</message>
                <stack-trace>AssertionError [ERR_ASSERTION]: '22px' == [
                  '22px',
                  '17.3333px'
                ]
                    at Context.equal (C:\QA\Health-e-Arizona-plus\test\body/other-languages.js:36:20)
                    at Promise (C:\QA\Health-e-Arizona-plus\node_modules\@wdio\sync\build\index.js:57:22)
                    at Context.executeSync (C:\QA\Health-e-Arizona-plus\node_modules\@wdio\sync\build\index.js:55:10)
                    at C:\QA\Health-e-Arizona-plus\node_modules\@wdio\sync\build\index.js:201:70</stack-trace>
            </failure>
        </test-case>
        <test-case start='1559261035482' status='failed' stop='1559261035497'>
            <name>font-weight</name>
            <title>font-weight</title>
            <labels>
                <label name='language' value='javascript'/>
                <label name='framework' value='wdio'/>
                <label name='thread' value='0-0'/>
            </labels>
            <parameters>
                <parameter kind='argument' name='browser' value='chrome'/>
            </parameters>
            <steps>
                <step start='1559261035483' status='passed' stop='1559261035489'>
                    <name>POST /session/:sessionId/element</name>
                    <title>POST /session/:sessionId/element</title>
                    <attachments>
                        <attachment title='Request' source='5d3d979b-bb3c-4de2-9dc9-0457f3a0a397-attachment.json' type='application/json' size='64'/>
                        <attachment title='Response' source='3dfa040b-4810-4826-b041-bd5af73731a5-attachment.json' type='application/json' size='40'/>
                    </attachments>
                    <steps/>
                </step>
                <step start='1559261035490' status='passed' stop='1559261035497'>
                    <name>GET /session/:sessionId/element/0.46368071859146465-6/css/font-weight</name>
                    <title>GET /session/:sessionId/element/0.46368071859146465-6/css/font-weight</title>
                    <attachments>
                        <attachment title='Response' source='b457de62-5411-4355-94bb-70370e3f8624-attachment.json' type='application/json' size='5'/>
                    </attachments>
                    <steps/>
                </step>
            </steps>
            <attachments/>
            <failure>
                <message>700 == [
                  700,
                  400
                ]</message>
                <stack-trace>AssertionError [ERR_ASSERTION]: 700 == [
                  700,
                  400
                ]
                    at Context.equal (C:\QA\Health-e-Arizona-plus\test\body/other-languages.js:40:20)
                    at Promise (C:\QA\Health-e-Arizona-plus\node_modules\@wdio\sync\build\index.js:57:22)
                    at Context.executeSync (C:\QA\Health-e-Arizona-plus\node_modules\@wdio\sync\build\index.js:55:10)
                    at C:\QA\Health-e-Arizona-plus\node_modules\@wdio\sync\build\index.js:201:70</stack-trace>
            </failure>
        </test-case>
    </test-cases>
</ns2:test-suite>