<?xml version='1.0'?>
<ns2:test-suite xmlns:ns2='urn:model.allure.qatools.yandex.ru' start='1559260828799' stop='1559260828876'>
    <name>Other languages Header</name>
    <title>Other languages Header</title>
    <test-cases>
        <test-case start='1559260828799' status='passed' stop='1559260828821'>
            <name>color</name>
            <title>color</title>
            <labels>
                <label name='language' value='javascript'/>
                <label name='framework' value='wdio'/>
                <label name='thread' value='0-0'/>
            </labels>
            <parameters>
                <parameter kind='argument' name='browser' value='chrome'/>
            </parameters>
            <steps>
                <step start='1559260828799' status='passed' stop='1559260828810'>
                    <name>POST /session/:sessionId/element</name>
                    <title>POST /session/:sessionId/element</title>
                    <attachments>
                        <attachment title='Request' source='c64ec6df-48b5-496a-ba09-b0b1da86acb7-attachment.json' type='application/json' size='64'/>
                        <attachment title='Response' source='40b5c8fa-83dc-4bd2-8229-689d15dbf2d1-attachment.json' type='application/json' size='38'/>
                    </attachments>
                    <steps/>
                </step>
                <step start='1559260828813' status='passed' stop='1559260828820'>
                    <name>GET /session/:sessionId/element/0.337202251577537-6/css/color</name>
                    <title>GET /session/:sessionId/element/0.337202251577537-6/css/color</title>
                    <attachments>
                        <attachment title='Response' source='87fbd2e9-581e-459b-b2ad-0297011090c6-attachment.json' type='application/json' size='22'/>
                    </attachments>
                    <steps/>
                </step>
            </steps>
            <attachments/>
        </test-case>
        <test-case start='1559260828821' status='failed' stop='1559260828845'>
            <name>font-family</name>
            <title>font-family</title>
            <labels>
                <label name='language' value='javascript'/>
                <label name='framework' value='wdio'/>
                <label name='thread' value='0-0'/>
            </labels>
            <parameters>
                <parameter kind='argument' name='browser' value='chrome'/>
            </parameters>
            <steps>
                <step start='1559260828821' status='passed' stop='1559260828828'>
                    <name>POST /session/:sessionId/element</name>
                    <title>POST /session/:sessionId/element</title>
                    <attachments>
                        <attachment title='Request' source='f934b35c-6b36-47b0-aa2e-569e62dd1f9f-attachment.json' type='application/json' size='64'/>
                        <attachment title='Response' source='e3f46947-e180-47bf-b82e-375cb82dd53e-attachment.json' type='application/json' size='38'/>
                    </attachments>
                    <steps/>
                </step>
                <step start='1559260828831' status='passed' stop='1559260828838'>
                    <name>GET /session/:sessionId/element/0.337202251577537-6/css/font-family</name>
                    <title>GET /session/:sessionId/element/0.337202251577537-6/css/font-family</title>
                    <attachments>
                        <attachment title='Response' source='629ed9f1-b33d-4045-9999-a7072411d937-attachment.json' type='application/json' size='9'/>
                    </attachments>
                    <steps/>
                </step>
            </steps>
            <attachments/>
            <failure>
                <message>'calibri' == [
                  'calibri',
                  'arial'
                ]</message>
                <stack-trace>AssertionError [ERR_ASSERTION]: 'calibri' == [
                  'calibri',
                  'arial'
                ]
                    at Context.equal (C:\QA\Health-e-Arizona-plus\test\body/other-languages.js:32:20)
                    at Promise (C:\QA\Health-e-Arizona-plus\node_modules\@wdio\sync\build\index.js:57:22)
                    at Context.executeSync (C:\QA\Health-e-Arizona-plus\node_modules\@wdio\sync\build\index.js:55:10)
                    at C:\QA\Health-e-Arizona-plus\node_modules\@wdio\sync\build\index.js:201:70</stack-trace>
            </failure>
        </test-case>
        <test-case start='1559260828845' status='failed' stop='1559260828860'>
            <name>font-size</name>
            <title>font-size</title>
            <labels>
                <label name='language' value='javascript'/>
                <label name='framework' value='wdio'/>
                <label name='thread' value='0-0'/>
            </labels>
            <parameters>
                <parameter kind='argument' name='browser' value='chrome'/>
            </parameters>
            <steps>
                <step start='1559260828845' status='passed' stop='1559260828851'>
                    <name>POST /session/:sessionId/element</name>
                    <title>POST /session/:sessionId/element</title>
                    <attachments>
                        <attachment title='Request' source='2e3ebeef-8144-4694-bfbb-ed95c4395683-attachment.json' type='application/json' size='64'/>
                        <attachment title='Response' source='adcfd375-f289-47ec-a2be-eef11cc6de4b-attachment.json' type='application/json' size='38'/>
                    </attachments>
                    <steps/>
                </step>
                <step start='1559260828853' status='passed' stop='1559260828860'>
                    <name>GET /session/:sessionId/element/0.337202251577537-6/css/font-size</name>
                    <title>GET /session/:sessionId/element/0.337202251577537-6/css/font-size</title>
                    <attachments>
                        <attachment title='Response' source='ab8a73bb-20d1-431b-be36-ddeb250992fc-attachment.json' type='application/json' size='6'/>
                    </attachments>
                    <steps/>
                </step>
            </steps>
            <attachments/>
            <failure>
                <message>'22px' == [
                  '22px',
                  '17.3333px'
                ]</message>
                <stack-trace>AssertionError [ERR_ASSERTION]: '22px' == [
                  '22px',
                  '17.3333px'
                ]
                    at Context.equal (C:\QA\Health-e-Arizona-plus\test\body/other-languages.js:36:20)
                    at Promise (C:\QA\Health-e-Arizona-plus\node_modules\@wdio\sync\build\index.js:57:22)
                    at Context.executeSync (C:\QA\Health-e-Arizona-plus\node_modules\@wdio\sync\build\index.js:55:10)
                    at C:\QA\Health-e-Arizona-plus\node_modules\@wdio\sync\build\index.js:201:70</stack-trace>
            </failure>
        </test-case>
        <test-case start='1559260828860' status='failed' stop='1559260828876'>
            <name>font-weight</name>
            <title>font-weight</title>
            <labels>
                <label name='language' value='javascript'/>
                <label name='framework' value='wdio'/>
                <label name='thread' value='0-0'/>
            </labels>
            <parameters>
                <parameter kind='argument' name='browser' value='chrome'/>
            </parameters>
            <steps>
                <step start='1559260828861' status='passed' stop='1559260828867'>
                    <name>POST /session/:sessionId/element</name>
                    <title>POST /session/:sessionId/element</title>
                    <attachments>
                        <attachment title='Request' source='fe127124-65a1-4a35-abbb-3991fc07e1c8-attachment.json' type='application/json' size='64'/>
                        <attachment title='Response' source='1d512ce2-4229-469a-8db0-b5cc6dad8b74-attachment.json' type='application/json' size='38'/>
                    </attachments>
                    <steps/>
                </step>
                <step start='1559260828868' status='passed' stop='1559260828875'>
                    <name>GET /session/:sessionId/element/0.337202251577537-6/css/font-weight</name>
                    <title>GET /session/:sessionId/element/0.337202251577537-6/css/font-weight</title>
                    <attachments>
                        <attachment title='Response' source='34f2e4ec-c487-482b-84de-ed896ab4c41f-attachment.json' type='application/json' size='5'/>
                    </attachments>
                    <steps/>
                </step>
            </steps>
            <attachments/>
            <failure>
                <message>700 == [
                  700,
                  400
                ]</message>
                <stack-trace>AssertionError [ERR_ASSERTION]: 700 == [
                  700,
                  400
                ]
                    at Context.equal (C:\QA\Health-e-Arizona-plus\test\body/other-languages.js:40:20)
                    at Promise (C:\QA\Health-e-Arizona-plus\node_modules\@wdio\sync\build\index.js:57:22)
                    at Context.executeSync (C:\QA\Health-e-Arizona-plus\node_modules\@wdio\sync\build\index.js:55:10)
                    at C:\QA\Health-e-Arizona-plus\node_modules\@wdio\sync\build\index.js:201:70</stack-trace>
            </failure>
        </test-case>
    </test-cases>
</ns2:test-suite>