<?xml version='1.0'?>
<ns2:test-suite xmlns:ns2='urn:model.allure.qatools.yandex.ru' start='1559265256226' stop='1559265256298'>
    <name>announcement Header</name>
    <title>announcement Header</title>
    <test-cases>
        <test-case start='1559265256226' status='passed' stop='1559265256244'>
            <name>color</name>
            <title>color</title>
            <labels>
                <label name='language' value='javascript'/>
                <label name='framework' value='wdio'/>
                <label name='thread' value='0-0'/>
            </labels>
            <parameters>
                <parameter kind='argument' name='browser' value='chrome'/>
            </parameters>
            <steps>
                <step start='1559265256227' status='passed' stop='1559265256235'>
                    <name>POST /session/:sessionId/element</name>
                    <title>POST /session/:sessionId/element</title>
                    <attachments>
                        <attachment title='Request' source='277e5211-71c8-4777-91df-9af3b72aa9cd-attachment.json' type='application/json' size='58'/>
                        <attachment title='Response' source='8427a3e5-38ae-431e-9261-127d36b615c6-attachment.json' type='application/json' size='40'/>
                    </attachments>
                    <steps/>
                </step>
                <step start='1559265256236' status='passed' stop='1559265256243'>
                    <name>GET /session/:sessionId/element/0.05637340154068626-3/css/color</name>
                    <title>GET /session/:sessionId/element/0.05637340154068626-3/css/color</title>
                    <attachments>
                        <attachment title='Response' source='35474ae5-d183-4143-b57d-4a6b188ec289-attachment.json' type='application/json' size='22'/>
                    </attachments>
                    <steps/>
                </step>
            </steps>
            <attachments/>
        </test-case>
        <test-case start='1559265256244' status='failed' stop='1559265256265'>
            <name>font-family</name>
            <title>font-family</title>
            <labels>
                <label name='language' value='javascript'/>
                <label name='framework' value='wdio'/>
                <label name='thread' value='0-0'/>
            </labels>
            <parameters>
                <parameter kind='argument' name='browser' value='chrome'/>
            </parameters>
            <steps>
                <step start='1559265256244' status='passed' stop='1559265256250'>
                    <name>POST /session/:sessionId/element</name>
                    <title>POST /session/:sessionId/element</title>
                    <attachments>
                        <attachment title='Request' source='ef2fc307-c358-49b0-86bc-e204746ab363-attachment.json' type='application/json' size='58'/>
                        <attachment title='Response' source='1ffe5eae-47d9-4cc9-8539-b4215f47d97b-attachment.json' type='application/json' size='40'/>
                    </attachments>
                    <steps/>
                </step>
                <step start='1559265256252' status='passed' stop='1559265256259'>
                    <name>GET /session/:sessionId/element/0.05637340154068626-3/css/font-family</name>
                    <title>GET /session/:sessionId/element/0.05637340154068626-3/css/font-family</title>
                    <attachments>
                        <attachment title='Response' source='f6fd377d-bd30-423b-84b4-8f9373ae3200-attachment.json' type='application/json' size='9'/>
                    </attachments>
                    <steps/>
                </step>
            </steps>
            <attachments/>
            <failure>
                <message>'calibri' == 'arial'</message>
                <stack-trace>AssertionError [ERR_ASSERTION]: 'calibri' == 'arial'
                    at Context.equal (C:\QA\Health-e-Arizona-plus\test\body/announcement.js:36:20)
                    at Promise (C:\QA\Health-e-Arizona-plus\node_modules\@wdio\sync\build\index.js:57:22)
                    at Context.executeSync (C:\QA\Health-e-Arizona-plus\node_modules\@wdio\sync\build\index.js:55:10)
                    at C:\QA\Health-e-Arizona-plus\node_modules\@wdio\sync\build\index.js:201:70</stack-trace>
            </failure>
        </test-case>
        <test-case start='1559265256266' status='failed' stop='1559265256282'>
            <name>font-size</name>
            <title>font-size</title>
            <labels>
                <label name='language' value='javascript'/>
                <label name='framework' value='wdio'/>
                <label name='thread' value='0-0'/>
            </labels>
            <parameters>
                <parameter kind='argument' name='browser' value='chrome'/>
            </parameters>
            <steps>
                <step start='1559265256266' status='passed' stop='1559265256272'>
                    <name>POST /session/:sessionId/element</name>
                    <title>POST /session/:sessionId/element</title>
                    <attachments>
                        <attachment title='Request' source='4cd26ff4-1fd2-4053-97fe-5bc0c4b2e121-attachment.json' type='application/json' size='58'/>
                        <attachment title='Response' source='21bae917-7c0a-4537-b7d6-d4250b5a8995-attachment.json' type='application/json' size='40'/>
                    </attachments>
                    <steps/>
                </step>
                <step start='1559265256275' status='passed' stop='1559265256281'>
                    <name>GET /session/:sessionId/element/0.05637340154068626-3/css/font-size</name>
                    <title>GET /session/:sessionId/element/0.05637340154068626-3/css/font-size</title>
                    <attachments>
                        <attachment title='Response' source='81ee2239-0104-4512-97a6-473741b6eef8-attachment.json' type='application/json' size='6'/>
                    </attachments>
                    <steps/>
                </step>
            </steps>
            <attachments/>
            <failure>
                <message>'22px' == '12px'</message>
                <stack-trace>AssertionError [ERR_ASSERTION]: '22px' == '12px'
                    at Context.equal (C:\QA\Health-e-Arizona-plus\test\body/announcement.js:40:20)
                    at Promise (C:\QA\Health-e-Arizona-plus\node_modules\@wdio\sync\build\index.js:57:22)
                    at Context.executeSync (C:\QA\Health-e-Arizona-plus\node_modules\@wdio\sync\build\index.js:55:10)
                    at C:\QA\Health-e-Arizona-plus\node_modules\@wdio\sync\build\index.js:201:70</stack-trace>
            </failure>
        </test-case>
        <test-case start='1559265256282' status='failed' stop='1559265256298'>
            <name>font-weight</name>
            <title>font-weight</title>
            <labels>
                <label name='language' value='javascript'/>
                <label name='framework' value='wdio'/>
                <label name='thread' value='0-0'/>
            </labels>
            <parameters>
                <parameter kind='argument' name='browser' value='chrome'/>
            </parameters>
            <steps>
                <step start='1559265256282' status='passed' stop='1559265256289'>
                    <name>POST /session/:sessionId/element</name>
                    <title>POST /session/:sessionId/element</title>
                    <attachments>
                        <attachment title='Request' source='73d18047-46e6-469a-8938-4f43de0b6c65-attachment.json' type='application/json' size='58'/>
                        <attachment title='Response' source='9d626fd7-6204-47b2-912a-c9a82452d754-attachment.json' type='application/json' size='40'/>
                    </attachments>
                    <steps/>
                </step>
                <step start='1559265256291' status='passed' stop='1559265256297'>
                    <name>GET /session/:sessionId/element/0.05637340154068626-3/css/font-weight</name>
                    <title>GET /session/:sessionId/element/0.05637340154068626-3/css/font-weight</title>
                    <attachments>
                        <attachment title='Response' source='252621eb-09c8-4231-b4c2-007c41f4ea70-attachment.json' type='application/json' size='5'/>
                    </attachments>
                    <steps/>
                </step>
            </steps>
            <attachments/>
            <failure>
                <message>700 == 400</message>
                <stack-trace>AssertionError [ERR_ASSERTION]: 700 == 400
                    at Context.equal (C:\QA\Health-e-Arizona-plus\test\body/announcement.js:44:20)
                    at Promise (C:\QA\Health-e-Arizona-plus\node_modules\@wdio\sync\build\index.js:57:22)
                    at Context.executeSync (C:\QA\Health-e-Arizona-plus\node_modules\@wdio\sync\build\index.js:55:10)
                    at C:\QA\Health-e-Arizona-plus\node_modules\@wdio\sync\build\index.js:201:70</stack-trace>
            </failure>
        </test-case>
    </test-cases>
</ns2:test-suite>