<?xml version='1.0'?>
<ns2:test-suite xmlns:ns2='urn:model.allure.qatools.yandex.ru' start='1559260648652' stop='1559260648726'>
    <name>Other languages Header</name>
    <title>Other languages Header</title>
    <test-cases>
        <test-case start='1559260648652' status='passed' stop='1559260648671'>
            <name>color</name>
            <title>color</title>
            <labels>
                <label name='language' value='javascript'/>
                <label name='framework' value='wdio'/>
                <label name='thread' value='0-0'/>
            </labels>
            <parameters>
                <parameter kind='argument' name='browser' value='chrome'/>
            </parameters>
            <steps>
                <step start='1559260648652' status='passed' stop='1559260648661'>
                    <name>POST /session/:sessionId/element</name>
                    <title>POST /session/:sessionId/element</title>
                    <attachments>
                        <attachment title='Request' source='96257c40-c27b-4705-8738-57d595c2b3c9-attachment.json' type='application/json' size='64'/>
                        <attachment title='Response' source='43d78936-4a04-4355-a9cc-ddfff81af6dd-attachment.json' type='application/json' size='39'/>
                    </attachments>
                    <steps/>
                </step>
                <step start='1559260648664' status='passed' stop='1559260648670'>
                    <name>GET /session/:sessionId/element/0.4951940306603615-6/css/color</name>
                    <title>GET /session/:sessionId/element/0.4951940306603615-6/css/color</title>
                    <attachments>
                        <attachment title='Response' source='62202dbd-b3b9-435d-a61d-32fa80568f0d-attachment.json' type='application/json' size='22'/>
                    </attachments>
                    <steps/>
                </step>
            </steps>
            <attachments/>
        </test-case>
        <test-case start='1559260648671' status='failed' stop='1559260648695'>
            <name>font-family</name>
            <title>font-family</title>
            <labels>
                <label name='language' value='javascript'/>
                <label name='framework' value='wdio'/>
                <label name='thread' value='0-0'/>
            </labels>
            <parameters>
                <parameter kind='argument' name='browser' value='chrome'/>
            </parameters>
            <steps>
                <step start='1559260648672' status='passed' stop='1559260648678'>
                    <name>POST /session/:sessionId/element</name>
                    <title>POST /session/:sessionId/element</title>
                    <attachments>
                        <attachment title='Request' source='cb328f29-8caa-45af-b956-e50b863b41bf-attachment.json' type='application/json' size='64'/>
                        <attachment title='Response' source='75d35503-54dc-4ec0-8b74-186602d1ae21-attachment.json' type='application/json' size='39'/>
                    </attachments>
                    <steps/>
                </step>
                <step start='1559260648681' status='passed' stop='1559260648688'>
                    <name>GET /session/:sessionId/element/0.4951940306603615-6/css/font-family</name>
                    <title>GET /session/:sessionId/element/0.4951940306603615-6/css/font-family</title>
                    <attachments>
                        <attachment title='Response' source='75115515-2d80-4c0a-a97e-81bd7d2dd762-attachment.json' type='application/json' size='9'/>
                    </attachments>
                    <steps/>
                </step>
            </steps>
            <attachments/>
            <failure>
                <message>'calibri' == [
                  'calibri',
                  'arial'
                ]</message>
                <stack-trace>AssertionError [ERR_ASSERTION]: 'calibri' == [
                  'calibri',
                  'arial'
                ]
                    at Context.equal (C:\QA\Health-e-Arizona-plus\test\body/other-languages.js:32:20)
                    at Promise (C:\QA\Health-e-Arizona-plus\node_modules\@wdio\sync\build\index.js:57:22)
                    at Context.executeSync (C:\QA\Health-e-Arizona-plus\node_modules\@wdio\sync\build\index.js:55:10)
                    at C:\QA\Health-e-Arizona-plus\node_modules\@wdio\sync\build\index.js:201:70</stack-trace>
            </failure>
        </test-case>
        <test-case start='1559260648695' status='failed' stop='1559260648711'>
            <name>font-size</name>
            <title>font-size</title>
            <labels>
                <label name='language' value='javascript'/>
                <label name='framework' value='wdio'/>
                <label name='thread' value='0-0'/>
            </labels>
            <parameters>
                <parameter kind='argument' name='browser' value='chrome'/>
            </parameters>
            <steps>
                <step start='1559260648695' status='passed' stop='1559260648701'>
                    <name>POST /session/:sessionId/element</name>
                    <title>POST /session/:sessionId/element</title>
                    <attachments>
                        <attachment title='Request' source='d94dea87-53d3-41e6-ae63-b15cf25a8abb-attachment.json' type='application/json' size='64'/>
                        <attachment title='Response' source='acda540d-0be7-48fc-98f8-d00796bbb868-attachment.json' type='application/json' size='39'/>
                    </attachments>
                    <steps/>
                </step>
                <step start='1559260648704' status='passed' stop='1559260648710'>
                    <name>GET /session/:sessionId/element/0.4951940306603615-6/css/font-size</name>
                    <title>GET /session/:sessionId/element/0.4951940306603615-6/css/font-size</title>
                    <attachments>
                        <attachment title='Response' source='da79fdac-e411-4f81-b725-2d89f9f098cc-attachment.json' type='application/json' size='6'/>
                    </attachments>
                    <steps/>
                </step>
            </steps>
            <attachments/>
            <failure>
                <message>'22px' == [
                  '22px',
                  '17.3333px'
                ]</message>
                <stack-trace>AssertionError [ERR_ASSERTION]: '22px' == [
                  '22px',
                  '17.3333px'
                ]
                    at Context.equal (C:\QA\Health-e-Arizona-plus\test\body/other-languages.js:36:20)
                    at Promise (C:\QA\Health-e-Arizona-plus\node_modules\@wdio\sync\build\index.js:57:22)
                    at Context.executeSync (C:\QA\Health-e-Arizona-plus\node_modules\@wdio\sync\build\index.js:55:10)
                    at C:\QA\Health-e-Arizona-plus\node_modules\@wdio\sync\build\index.js:201:70</stack-trace>
            </failure>
        </test-case>
        <test-case start='1559260648711' status='failed' stop='1559260648726'>
            <name>font-weight</name>
            <title>font-weight</title>
            <labels>
                <label name='language' value='javascript'/>
                <label name='framework' value='wdio'/>
                <label name='thread' value='0-0'/>
            </labels>
            <parameters>
                <parameter kind='argument' name='browser' value='chrome'/>
            </parameters>
            <steps>
                <step start='1559260648711' status='passed' stop='1559260648717'>
                    <name>POST /session/:sessionId/element</name>
                    <title>POST /session/:sessionId/element</title>
                    <attachments>
                        <attachment title='Request' source='f69068c7-9197-4c0d-a332-607a6d5cd028-attachment.json' type='application/json' size='64'/>
                        <attachment title='Response' source='b1cf56f5-302d-456f-b636-143868130ac2-attachment.json' type='application/json' size='39'/>
                    </attachments>
                    <steps/>
                </step>
                <step start='1559260648719' status='passed' stop='1559260648725'>
                    <name>GET /session/:sessionId/element/0.4951940306603615-6/css/font-weight</name>
                    <title>GET /session/:sessionId/element/0.4951940306603615-6/css/font-weight</title>
                    <attachments>
                        <attachment title='Response' source='51597138-3a98-4dd1-a96d-307aba40dffe-attachment.json' type='application/json' size='5'/>
                    </attachments>
                    <steps/>
                </step>
            </steps>
            <attachments/>
            <failure>
                <message>700 == [
                  700,
                  400
                ]</message>
                <stack-trace>AssertionError [ERR_ASSERTION]: 700 == [
                  700,
                  400
                ]
                    at Context.equal (C:\QA\Health-e-Arizona-plus\test\body/other-languages.js:40:20)
                    at Promise (C:\QA\Health-e-Arizona-plus\node_modules\@wdio\sync\build\index.js:57:22)
                    at Context.executeSync (C:\QA\Health-e-Arizona-plus\node_modules\@wdio\sync\build\index.js:55:10)
                    at C:\QA\Health-e-Arizona-plus\node_modules\@wdio\sync\build\index.js:201:70</stack-trace>
            </failure>
        </test-case>
    </test-cases>
</ns2:test-suite>