<?xml version='1.0'?>
<ns2:test-suite xmlns:ns2='urn:model.allure.qatools.yandex.ru' start='1559405862737' stop='1559405864867'>
    <name>Header General</name>
    <title>Header General</title>
    <test-cases>
        <test-case start='1559405862737' status='broken' stop='1559405864776'>
            <name>header width</name>
            <title>header width</title>
            <labels>
                <label name='language' value='javascript'/>
                <label name='framework' value='wdio'/>
                <label name='thread' value='0-0'/>
            </labels>
            <parameters>
                <parameter kind='argument' name='browser' value='chrome'/>
            </parameters>
            <steps>
                <step start='1559405862740' status='passed' stop='1559405864731'>
                    <name>POST /session/:sessionId/url</name>
                    <title>POST /session/:sessionId/url</title>
                    <attachments>
                        <attachment title='Request' source='8f73852f-1b8d-43f7-9e0b-baf79c4b1861-attachment.json' type='application/json' size='50'/>
                    </attachments>
                    <steps/>
                </step>
                <step start='1559405864732' status='passed' stop='1559405864741'>
                    <name>POST /session/:sessionId/element</name>
                    <title>POST /session/:sessionId/element</title>
                    <attachments>
                        <attachment title='Request' source='a9d57563-71df-4991-a992-c461605de2ea-attachment.json' type='application/json' size='61'/>
                        <attachment title='Response' source='5da10909-1bec-47ee-959c-1f9ffefd7fef-attachment.json' type='application/json' size='39'/>
                    </attachments>
                    <steps/>
                </step>
                <step start='1559405864762' status='passed' stop='1559405864769'>
                    <name>GET /session/:sessionId/element/0.5711053324391835-1/css/width</name>
                    <title>GET /session/:sessionId/element/0.5711053324391835-1/css/width</title>
                    <attachments>
                        <attachment title='Response' source='1a8540f8-918d-4a3b-bb1a-b406f21696e9-attachment.json' type='application/json' size='8'/>
                    </attachments>
                    <steps/>
                </step>
            </steps>
            <attachments/>
            <failure>
                <message>Cannot read property 'equal' of undefined</message>
                <stack-trace>TypeError: Cannot read property 'equal' of undefined
                    at Context.equal (C:\QA\Health-e-Arizona-plus\test/header.js:15:20)
                    at Promise (C:\QA\Health-e-Arizona-plus\node_modules\@wdio\sync\build\index.js:57:22)
                    at Context.executeSync (C:\QA\Health-e-Arizona-plus\node_modules\@wdio\sync\build\index.js:55:10)
                    at C:\QA\Health-e-Arizona-plus\node_modules\@wdio\sync\build\index.js:201:70</stack-trace>
            </failure>
        </test-case>
        <test-case start='1559405864776' status='broken' stop='1559405864794'>
            <name>header logo img url</name>
            <title>header logo img url</title>
            <labels>
                <label name='language' value='javascript'/>
                <label name='framework' value='wdio'/>
                <label name='thread' value='0-0'/>
            </labels>
            <parameters>
                <parameter kind='argument' name='browser' value='chrome'/>
            </parameters>
            <steps>
                <step start='1559405864777' status='passed' stop='1559405864786'>
                    <name>POST /session/:sessionId/element</name>
                    <title>POST /session/:sessionId/element</title>
                    <attachments>
                        <attachment title='Request' source='c8c6078e-38eb-4a22-aa43-26ad16291242-attachment.json' type='application/json' size='65'/>
                        <attachment title='Response' source='a90eaa2d-4e60-4aed-8a1e-59cffd1b209d-attachment.json' type='application/json' size='39'/>
                    </attachments>
                    <steps/>
                </step>
                <step start='1559405864788' status='passed' stop='1559405864793'>
                    <name>GET /session/:sessionId/element/0.5711053324391835-2/attribute/src</name>
                    <title>GET /session/:sessionId/element/0.5711053324391835-2/attribute/src</title>
                    <attachments>
                        <attachment title='Response' source='7f474054-1c94-45d7-85c1-15efe739ce65-attachment.json' type='application/json' size='82'/>
                    </attachments>
                    <steps/>
                </step>
            </steps>
            <attachments/>
            <failure>
                <message>Cannot read property 'equal' of undefined</message>
                <stack-trace>TypeError: Cannot read property 'equal' of undefined
                    at Context.equal (C:\QA\Health-e-Arizona-plus\test/header.js:20:20)
                    at Promise (C:\QA\Health-e-Arizona-plus\node_modules\@wdio\sync\build\index.js:57:22)
                    at Context.executeSync (C:\QA\Health-e-Arizona-plus\node_modules\@wdio\sync\build\index.js:55:10)
                    at C:\QA\Health-e-Arizona-plus\node_modules\@wdio\sync\build\index.js:201:70</stack-trace>
            </failure>
        </test-case>
        <test-case start='1559405864794' status='broken' stop='1559405864812'>
            <name>header logo widht</name>
            <title>header logo widht</title>
            <labels>
                <label name='language' value='javascript'/>
                <label name='framework' value='wdio'/>
                <label name='thread' value='0-0'/>
            </labels>
            <parameters>
                <parameter kind='argument' name='browser' value='chrome'/>
            </parameters>
            <steps>
                <step start='1559405864794' status='passed' stop='1559405864801'>
                    <name>POST /session/:sessionId/element</name>
                    <title>POST /session/:sessionId/element</title>
                    <attachments>
                        <attachment title='Request' source='6dcc6f4b-e3ce-4584-a4b3-7c420a7f68d1-attachment.json' type='application/json' size='65'/>
                        <attachment title='Response' source='c89e554c-83ea-485c-a1e1-252e7aefc412-attachment.json' type='application/json' size='39'/>
                    </attachments>
                    <steps/>
                </step>
                <step start='1559405864804' status='passed' stop='1559405864811'>
                    <name>GET /session/:sessionId/element/0.5711053324391835-2/css/width</name>
                    <title>GET /session/:sessionId/element/0.5711053324391835-2/css/width</title>
                    <attachments>
                        <attachment title='Response' source='5d9777e9-415f-4d27-9c2b-0a39df2bb2f9-attachment.json' type='application/json' size='7'/>
                    </attachments>
                    <steps/>
                </step>
            </steps>
            <attachments/>
            <failure>
                <message>Cannot read property 'equal' of undefined</message>
                <stack-trace>TypeError: Cannot read property 'equal' of undefined
                    at Context.equal (C:\QA\Health-e-Arizona-plus\test/header.js:26:20)
                    at Promise (C:\QA\Health-e-Arizona-plus\node_modules\@wdio\sync\build\index.js:57:22)
                    at Context.executeSync (C:\QA\Health-e-Arizona-plus\node_modules\@wdio\sync\build\index.js:55:10)
                    at C:\QA\Health-e-Arizona-plus\node_modules\@wdio\sync\build\index.js:201:70</stack-trace>
            </failure>
        </test-case>
        <test-case start='1559405864812' status='broken' stop='1559405864833'>
            <name>header logo heigth</name>
            <title>header logo heigth</title>
            <labels>
                <label name='language' value='javascript'/>
                <label name='framework' value='wdio'/>
                <label name='thread' value='0-0'/>
            </labels>
            <parameters>
                <parameter kind='argument' name='browser' value='chrome'/>
            </parameters>
            <steps>
                <step start='1559405864812' status='passed' stop='1559405864822'>
                    <name>POST /session/:sessionId/element</name>
                    <title>POST /session/:sessionId/element</title>
                    <attachments>
                        <attachment title='Request' source='e6fa0c58-fe26-4972-ac3f-e4d79572e282-attachment.json' type='application/json' size='65'/>
                        <attachment title='Response' source='9f6caa08-49a8-4b92-ab69-57644f007fec-attachment.json' type='application/json' size='39'/>
                    </attachments>
                    <steps/>
                </step>
                <step start='1559405864826' status='passed' stop='1559405864832'>
                    <name>GET /session/:sessionId/element/0.5711053324391835-2/css/height</name>
                    <title>GET /session/:sessionId/element/0.5711053324391835-2/css/height</title>
                    <attachments>
                        <attachment title='Response' source='8213ba8f-e2be-430e-bb04-3c639c507cad-attachment.json' type='application/json' size='7'/>
                    </attachments>
                    <steps/>
                </step>
            </steps>
            <attachments/>
            <failure>
                <message>Cannot read property 'equal' of undefined</message>
                <stack-trace>TypeError: Cannot read property 'equal' of undefined
                    at Context.equal (C:\QA\Health-e-Arizona-plus\test/header.js:32:20)
                    at Promise (C:\QA\Health-e-Arizona-plus\node_modules\@wdio\sync\build\index.js:57:22)
                    at Context.executeSync (C:\QA\Health-e-Arizona-plus\node_modules\@wdio\sync\build\index.js:55:10)
                    at C:\QA\Health-e-Arizona-plus\node_modules\@wdio\sync\build\index.js:201:70</stack-trace>
            </failure>
        </test-case>
        <test-case start='1559405864833' status='broken' stop='1559405864848'>
            <name>header bkgrd img url</name>
            <title>header bkgrd img url</title>
            <labels>
                <label name='language' value='javascript'/>
                <label name='framework' value='wdio'/>
                <label name='thread' value='0-0'/>
            </labels>
            <parameters>
                <parameter kind='argument' name='browser' value='chrome'/>
            </parameters>
            <steps>
                <step start='1559405864833' status='passed' stop='1559405864839'>
                    <name>POST /session/:sessionId/element</name>
                    <title>POST /session/:sessionId/element</title>
                    <attachments>
                        <attachment title='Request' source='66bfb1ea-d13b-48cf-8ede-5a569b8e3d8f-attachment.json' type='application/json' size='61'/>
                        <attachment title='Response' source='f3d8a3a1-ac02-43b0-87f7-6272a79e2909-attachment.json' type='application/json' size='39'/>
                    </attachments>
                    <steps/>
                </step>
                <step start='1559405864841' status='passed' stop='1559405864847'>
                    <name>GET /session/:sessionId/element/0.5711053324391835-1/css/background-image</name>
                    <title>GET /session/:sessionId/element/0.5711053324391835-1/css/background-image</title>
                    <attachments>
                        <attachment title='Response' source='c4311c21-d84c-4d5f-848c-9b434c6b4cb4-attachment.json' type='application/json' size='77'/>
                    </attachments>
                    <steps/>
                </step>
            </steps>
            <attachments/>
            <failure>
                <message>Cannot read property 'equal' of undefined</message>
                <stack-trace>TypeError: Cannot read property 'equal' of undefined
                    at Context.equal (C:\QA\Health-e-Arizona-plus\test/header.js:38:20)
                    at Promise (C:\QA\Health-e-Arizona-plus\node_modules\@wdio\sync\build\index.js:57:22)
                    at Context.executeSync (C:\QA\Health-e-Arizona-plus\node_modules\@wdio\sync\build\index.js:55:10)
                    at C:\QA\Health-e-Arizona-plus\node_modules\@wdio\sync\build\index.js:201:70</stack-trace>
            </failure>
        </test-case>
        <test-case start='1559405864848' status='broken' stop='1559405864866'>
            <name>body bkgrd color</name>
            <title>body bkgrd color</title>
            <labels>
                <label name='language' value='javascript'/>
                <label name='framework' value='wdio'/>
                <label name='thread' value='0-0'/>
            </labels>
            <parameters>
                <parameter kind='argument' name='browser' value='chrome'/>
            </parameters>
            <steps>
                <step start='1559405864848' status='passed' stop='1559405864856'>
                    <name>POST /session/:sessionId/element</name>
                    <title>POST /session/:sessionId/element</title>
                    <attachments>
                        <attachment title='Request' source='99b29eef-1de3-46be-853d-e5c7317a5afb-attachment.json' type='application/json' size='48'/>
                        <attachment title='Response' source='cf484a0b-13e5-42ed-9865-bbdb3b84fe1b-attachment.json' type='application/json' size='39'/>
                    </attachments>
                    <steps/>
                </step>
                <step start='1559405864858' status='passed' stop='1559405864865'>
                    <name>GET /session/:sessionId/element/0.5711053324391835-3/css/background-color</name>
                    <title>GET /session/:sessionId/element/0.5711053324391835-3/css/background-color</title>
                    <attachments>
                        <attachment title='Response' source='30f94707-8dc4-4178-8a02-39c86f81a136-attachment.json' type='application/json' size='24'/>
                    </attachments>
                    <steps/>
                </step>
            </steps>
            <attachments/>
            <failure>
                <message>Cannot read property 'equal' of undefined</message>
                <stack-trace>TypeError: Cannot read property 'equal' of undefined
                    at Context.equal (C:\QA\Health-e-Arizona-plus\test/header.js:44:20)
                    at Promise (C:\QA\Health-e-Arizona-plus\node_modules\@wdio\sync\build\index.js:57:22)
                    at Context.executeSync (C:\QA\Health-e-Arizona-plus\node_modules\@wdio\sync\build\index.js:55:10)
                    at C:\QA\Health-e-Arizona-plus\node_modules\@wdio\sync\build\index.js:201:70</stack-trace>
            </failure>
        </test-case>
    </test-cases>
</ns2:test-suite>