<?xml version='1.0'?>
<ns2:test-suite xmlns:ns2='urn:model.allure.qatools.yandex.ru' start='1559261151898' stop='1559261151972'>
    <name>Other languages Header</name>
    <title>Other languages Header</title>
    <test-cases>
        <test-case start='1559261151898' status='passed' stop='1559261151919'>
            <name>color</name>
            <title>color</title>
            <labels>
                <label name='language' value='javascript'/>
                <label name='framework' value='wdio'/>
                <label name='thread' value='0-0'/>
            </labels>
            <parameters>
                <parameter kind='argument' name='browser' value='chrome'/>
            </parameters>
            <steps>
                <step start='1559261151898' status='passed' stop='1559261151909'>
                    <name>POST /session/:sessionId/element</name>
                    <title>POST /session/:sessionId/element</title>
                    <attachments>
                        <attachment title='Request' source='9f645510-eed7-437e-9f5a-45bca0ed2d64-attachment.json' type='application/json' size='64'/>
                        <attachment title='Response' source='1ef7556f-2225-48d0-b942-2ae81511a741-attachment.json' type='application/json' size='39'/>
                    </attachments>
                    <steps/>
                </step>
                <step start='1559261151911' status='passed' stop='1559261151918'>
                    <name>GET /session/:sessionId/element/0.6479180019303277-6/css/color</name>
                    <title>GET /session/:sessionId/element/0.6479180019303277-6/css/color</title>
                    <attachments>
                        <attachment title='Response' source='61b74b4e-451c-45a7-8af2-5ed9b05ffb60-attachment.json' type='application/json' size='22'/>
                    </attachments>
                    <steps/>
                </step>
            </steps>
            <attachments/>
        </test-case>
        <test-case start='1559261151919' status='failed' stop='1559261151942'>
            <name>font-family</name>
            <title>font-family</title>
            <labels>
                <label name='language' value='javascript'/>
                <label name='framework' value='wdio'/>
                <label name='thread' value='0-0'/>
            </labels>
            <parameters>
                <parameter kind='argument' name='browser' value='chrome'/>
            </parameters>
            <steps>
                <step start='1559261151919' status='passed' stop='1559261151926'>
                    <name>POST /session/:sessionId/element</name>
                    <title>POST /session/:sessionId/element</title>
                    <attachments>
                        <attachment title='Request' source='4a24d12f-8b3a-48ca-a741-89d4aa2a948b-attachment.json' type='application/json' size='64'/>
                        <attachment title='Response' source='44022d37-02fe-48cd-b0e5-839667d488d5-attachment.json' type='application/json' size='39'/>
                    </attachments>
                    <steps/>
                </step>
                <step start='1559261151929' status='passed' stop='1559261151935'>
                    <name>GET /session/:sessionId/element/0.6479180019303277-6/css/font-family</name>
                    <title>GET /session/:sessionId/element/0.6479180019303277-6/css/font-family</title>
                    <attachments>
                        <attachment title='Response' source='e2dee8ef-9c35-4201-9aa1-811ac9589342-attachment.json' type='application/json' size='9'/>
                    </attachments>
                    <steps/>
                </step>
            </steps>
            <attachments/>
            <failure>
                <message>'calibri' == [
                  'calibri',
                  'arial'
                ]</message>
                <stack-trace>AssertionError [ERR_ASSERTION]: 'calibri' == [
                  'calibri',
                  'arial'
                ]
                    at Context.equal (C:\QA\Health-e-Arizona-plus\test\body/other-languages.js:32:20)
                    at Promise (C:\QA\Health-e-Arizona-plus\node_modules\@wdio\sync\build\index.js:57:22)
                    at Context.executeSync (C:\QA\Health-e-Arizona-plus\node_modules\@wdio\sync\build\index.js:55:10)
                    at C:\QA\Health-e-Arizona-plus\node_modules\@wdio\sync\build\index.js:201:70</stack-trace>
            </failure>
        </test-case>
        <test-case start='1559261151942' status='failed' stop='1559261151957'>
            <name>font-size</name>
            <title>font-size</title>
            <labels>
                <label name='language' value='javascript'/>
                <label name='framework' value='wdio'/>
                <label name='thread' value='0-0'/>
            </labels>
            <parameters>
                <parameter kind='argument' name='browser' value='chrome'/>
            </parameters>
            <steps>
                <step start='1559261151943' status='passed' stop='1559261151949'>
                    <name>POST /session/:sessionId/element</name>
                    <title>POST /session/:sessionId/element</title>
                    <attachments>
                        <attachment title='Request' source='0653283d-fbfb-49e3-bd04-36ec1fc5c36b-attachment.json' type='application/json' size='64'/>
                        <attachment title='Response' source='fbd77c69-a609-467a-bd42-5c076752fb00-attachment.json' type='application/json' size='39'/>
                    </attachments>
                    <steps/>
                </step>
                <step start='1559261151950' status='passed' stop='1559261151957'>
                    <name>GET /session/:sessionId/element/0.6479180019303277-6/css/font-size</name>
                    <title>GET /session/:sessionId/element/0.6479180019303277-6/css/font-size</title>
                    <attachments>
                        <attachment title='Response' source='b2d7f4c4-1113-4c3a-baa1-38909f8ba2cf-attachment.json' type='application/json' size='6'/>
                    </attachments>
                    <steps/>
                </step>
            </steps>
            <attachments/>
            <failure>
                <message>'22px' == [
                  '22px',
                  '17.3333px'
                ]</message>
                <stack-trace>AssertionError [ERR_ASSERTION]: '22px' == [
                  '22px',
                  '17.3333px'
                ]
                    at Context.equal (C:\QA\Health-e-Arizona-plus\test\body/other-languages.js:36:20)
                    at Promise (C:\QA\Health-e-Arizona-plus\node_modules\@wdio\sync\build\index.js:57:22)
                    at Context.executeSync (C:\QA\Health-e-Arizona-plus\node_modules\@wdio\sync\build\index.js:55:10)
                    at C:\QA\Health-e-Arizona-plus\node_modules\@wdio\sync\build\index.js:201:70</stack-trace>
            </failure>
        </test-case>
        <test-case start='1559261151957' status='failed' stop='1559261151972'>
            <name>font-weight</name>
            <title>font-weight</title>
            <labels>
                <label name='language' value='javascript'/>
                <label name='framework' value='wdio'/>
                <label name='thread' value='0-0'/>
            </labels>
            <parameters>
                <parameter kind='argument' name='browser' value='chrome'/>
            </parameters>
            <steps>
                <step start='1559261151957' status='passed' stop='1559261151963'>
                    <name>POST /session/:sessionId/element</name>
                    <title>POST /session/:sessionId/element</title>
                    <attachments>
                        <attachment title='Request' source='7896625a-742d-4660-9db0-1fe8ce73b460-attachment.json' type='application/json' size='64'/>
                        <attachment title='Response' source='58f79af8-86d7-49b8-991e-25e8698a4434-attachment.json' type='application/json' size='39'/>
                    </attachments>
                    <steps/>
                </step>
                <step start='1559261151965' status='passed' stop='1559261151971'>
                    <name>GET /session/:sessionId/element/0.6479180019303277-6/css/font-weight</name>
                    <title>GET /session/:sessionId/element/0.6479180019303277-6/css/font-weight</title>
                    <attachments>
                        <attachment title='Response' source='cbda12e3-0321-4ef0-9e31-208c4b0bac4f-attachment.json' type='application/json' size='5'/>
                    </attachments>
                    <steps/>
                </step>
            </steps>
            <attachments/>
            <failure>
                <message>700 == [
                  700,
                  400
                ]</message>
                <stack-trace>AssertionError [ERR_ASSERTION]: 700 == [
                  700,
                  400
                ]
                    at Context.equal (C:\QA\Health-e-Arizona-plus\test\body/other-languages.js:40:20)
                    at Promise (C:\QA\Health-e-Arizona-plus\node_modules\@wdio\sync\build\index.js:57:22)
                    at Context.executeSync (C:\QA\Health-e-Arizona-plus\node_modules\@wdio\sync\build\index.js:55:10)
                    at C:\QA\Health-e-Arizona-plus\node_modules\@wdio\sync\build\index.js:201:70</stack-trace>
            </failure>
        </test-case>
    </test-cases>
</ns2:test-suite>