<?xml version='1.0'?>
<ns2:test-suite xmlns:ns2='urn:model.allure.qatools.yandex.ru' start='1559261098808' stop='1559261098896'>
    <name>Other languages Header</name>
    <title>Other languages Header</title>
    <test-cases>
        <test-case start='1559261098808' status='passed' stop='1559261098833'>
            <name>color</name>
            <title>color</title>
            <labels>
                <label name='language' value='javascript'/>
                <label name='framework' value='wdio'/>
                <label name='thread' value='0-0'/>
            </labels>
            <parameters>
                <parameter kind='argument' name='browser' value='chrome'/>
            </parameters>
            <steps>
                <step start='1559261098809' status='passed' stop='1559261098819'>
                    <name>POST /session/:sessionId/element</name>
                    <title>POST /session/:sessionId/element</title>
                    <attachments>
                        <attachment title='Request' source='48bd351a-d0a8-4bea-85bc-ee915de9bb55-attachment.json' type='application/json' size='64'/>
                        <attachment title='Response' source='6f694bf3-e26a-4abd-9e1e-3c0bc1c844c5-attachment.json' type='application/json' size='38'/>
                    </attachments>
                    <steps/>
                </step>
                <step start='1559261098823' status='passed' stop='1559261098832'>
                    <name>GET /session/:sessionId/element/0.518374137569551-6/css/color</name>
                    <title>GET /session/:sessionId/element/0.518374137569551-6/css/color</title>
                    <attachments>
                        <attachment title='Response' source='18f028d1-33d2-4581-9134-1c89480d13f5-attachment.json' type='application/json' size='22'/>
                    </attachments>
                    <steps/>
                </step>
            </steps>
            <attachments/>
        </test-case>
        <test-case start='1559261098833' status='failed' stop='1559261098856'>
            <name>font-family</name>
            <title>font-family</title>
            <labels>
                <label name='language' value='javascript'/>
                <label name='framework' value='wdio'/>
                <label name='thread' value='0-0'/>
            </labels>
            <parameters>
                <parameter kind='argument' name='browser' value='chrome'/>
            </parameters>
            <steps>
                <step start='1559261098833' status='passed' stop='1559261098840'>
                    <name>POST /session/:sessionId/element</name>
                    <title>POST /session/:sessionId/element</title>
                    <attachments>
                        <attachment title='Request' source='5e1942d8-a87b-4f09-90b6-8fcca7ac27e2-attachment.json' type='application/json' size='64'/>
                        <attachment title='Response' source='d23fca88-a63a-498e-bb25-65d1d044db54-attachment.json' type='application/json' size='38'/>
                    </attachments>
                    <steps/>
                </step>
                <step start='1559261098842' status='passed' stop='1559261098849'>
                    <name>GET /session/:sessionId/element/0.518374137569551-6/css/font-family</name>
                    <title>GET /session/:sessionId/element/0.518374137569551-6/css/font-family</title>
                    <attachments>
                        <attachment title='Response' source='38e18d34-3f28-42dd-b737-9521153310aa-attachment.json' type='application/json' size='9'/>
                    </attachments>
                    <steps/>
                </step>
            </steps>
            <attachments/>
            <failure>
                <message>'calibri' == [
                  'calibri',
                  'arial'
                ]</message>
                <stack-trace>AssertionError [ERR_ASSERTION]: 'calibri' == [
                  'calibri',
                  'arial'
                ]
                    at Context.equal (C:\QA\Health-e-Arizona-plus\test\body/other-languages.js:32:20)
                    at Promise (C:\QA\Health-e-Arizona-plus\node_modules\@wdio\sync\build\index.js:57:22)
                    at Context.executeSync (C:\QA\Health-e-Arizona-plus\node_modules\@wdio\sync\build\index.js:55:10)
                    at C:\QA\Health-e-Arizona-plus\node_modules\@wdio\sync\build\index.js:201:70</stack-trace>
            </failure>
        </test-case>
        <test-case start='1559261098856' status='failed' stop='1559261098879'>
            <name>font-size</name>
            <title>font-size</title>
            <labels>
                <label name='language' value='javascript'/>
                <label name='framework' value='wdio'/>
                <label name='thread' value='0-0'/>
            </labels>
            <parameters>
                <parameter kind='argument' name='browser' value='chrome'/>
            </parameters>
            <steps>
                <step start='1559261098857' status='passed' stop='1559261098865'>
                    <name>POST /session/:sessionId/element</name>
                    <title>POST /session/:sessionId/element</title>
                    <attachments>
                        <attachment title='Request' source='1a38aca2-810a-4890-83e5-daac24ccee66-attachment.json' type='application/json' size='64'/>
                        <attachment title='Response' source='6091f240-e7b6-45f9-889e-038ad60915b6-attachment.json' type='application/json' size='38'/>
                    </attachments>
                    <steps/>
                </step>
                <step start='1559261098869' status='passed' stop='1559261098879'>
                    <name>GET /session/:sessionId/element/0.518374137569551-6/css/font-size</name>
                    <title>GET /session/:sessionId/element/0.518374137569551-6/css/font-size</title>
                    <attachments>
                        <attachment title='Response' source='ab4bb6df-20bc-4c1f-9d01-c1fc068c5b27-attachment.json' type='application/json' size='6'/>
                    </attachments>
                    <steps/>
                </step>
            </steps>
            <attachments/>
            <failure>
                <message>'22px' == [
                  '22px',
                  '17.3333px'
                ]</message>
                <stack-trace>AssertionError [ERR_ASSERTION]: '22px' == [
                  '22px',
                  '17.3333px'
                ]
                    at Context.equal (C:\QA\Health-e-Arizona-plus\test\body/other-languages.js:36:20)
                    at Promise (C:\QA\Health-e-Arizona-plus\node_modules\@wdio\sync\build\index.js:57:22)
                    at Context.executeSync (C:\QA\Health-e-Arizona-plus\node_modules\@wdio\sync\build\index.js:55:10)
                    at C:\QA\Health-e-Arizona-plus\node_modules\@wdio\sync\build\index.js:201:70</stack-trace>
            </failure>
        </test-case>
        <test-case start='1559261098879' status='failed' stop='1559261098895'>
            <name>font-weight</name>
            <title>font-weight</title>
            <labels>
                <label name='language' value='javascript'/>
                <label name='framework' value='wdio'/>
                <label name='thread' value='0-0'/>
            </labels>
            <parameters>
                <parameter kind='argument' name='browser' value='chrome'/>
            </parameters>
            <steps>
                <step start='1559261098880' status='passed' stop='1559261098886'>
                    <name>POST /session/:sessionId/element</name>
                    <title>POST /session/:sessionId/element</title>
                    <attachments>
                        <attachment title='Request' source='a1dc051c-4f77-4f28-ac3a-54adffd9b724-attachment.json' type='application/json' size='64'/>
                        <attachment title='Response' source='d36b2f7e-d84c-4fb0-88be-d8d299c12183-attachment.json' type='application/json' size='38'/>
                    </attachments>
                    <steps/>
                </step>
                <step start='1559261098888' status='passed' stop='1559261098895'>
                    <name>GET /session/:sessionId/element/0.518374137569551-6/css/font-weight</name>
                    <title>GET /session/:sessionId/element/0.518374137569551-6/css/font-weight</title>
                    <attachments>
                        <attachment title='Response' source='ec67c2aa-4462-4f1e-9025-410b557910c2-attachment.json' type='application/json' size='5'/>
                    </attachments>
                    <steps/>
                </step>
            </steps>
            <attachments/>
            <failure>
                <message>700 == [
                  700,
                  400
                ]</message>
                <stack-trace>AssertionError [ERR_ASSERTION]: 700 == [
                  700,
                  400
                ]
                    at Context.equal (C:\QA\Health-e-Arizona-plus\test\body/other-languages.js:40:20)
                    at Promise (C:\QA\Health-e-Arizona-plus\node_modules\@wdio\sync\build\index.js:57:22)
                    at Context.executeSync (C:\QA\Health-e-Arizona-plus\node_modules\@wdio\sync\build\index.js:55:10)
                    at C:\QA\Health-e-Arizona-plus\node_modules\@wdio\sync\build\index.js:201:70</stack-trace>
            </failure>
        </test-case>
    </test-cases>
</ns2:test-suite>