<?xml version='1.0'?>
<ns2:test-suite xmlns:ns2='urn:model.allure.qatools.yandex.ru' start='1559336975920' stop='1559336975995'>
    <name>Footer Links</name>
    <title>Footer Links</title>
    <test-cases>
        <test-case start='1559336975920' status='failed' stop='1559336975941'>
            <name>font-color</name>
            <title>font-color</title>
            <labels>
                <label name='language' value='javascript'/>
                <label name='framework' value='wdio'/>
                <label name='thread' value='0-0'/>
            </labels>
            <parameters>
                <parameter kind='argument' name='browser' value='chrome'/>
            </parameters>
            <steps>
                <step start='1559336975920' status='passed' stop='1559336975928'>
                    <name>POST /session/:sessionId/element</name>
                    <title>POST /session/:sessionId/element</title>
                    <attachments>
                        <attachment title='Request' source='570d024d-fa1b-4af3-8f90-5288413e5f4a-attachment.json' type='application/json' size='54'/>
                        <attachment title='Response' source='2a722518-fa0a-410c-ab2a-2fba3da6971e-attachment.json' type='application/json' size='40'/>
                    </attachments>
                    <steps/>
                </step>
                <step start='1559336975930' status='passed' stop='1559336975937'>
                    <name>GET /session/:sessionId/element/0.07387738681162315-2/css/color</name>
                    <title>GET /session/:sessionId/element/0.07387738681162315-2/css/color</title>
                    <attachments>
                        <attachment title='Response' source='2012c30a-f07b-478a-84dd-e6f086a7aa75-attachment.json' type='application/json' size='21'/>
                    </attachments>
                    <steps/>
                </step>
            </steps>
            <attachments/>
            <failure>
                <message>'#494a4b' == '#404345'</message>
                <stack-trace>AssertionError [ERR_ASSERTION]: '#494a4b' == '#404345'
                    at Context.equal (C:\QA\Health-e-Arizona-plus\test\body/footer.js:44:20)
                    at Promise (C:\QA\Health-e-Arizona-plus\node_modules\@wdio\sync\build\index.js:57:22)
                    at Context.executeSync (C:\QA\Health-e-Arizona-plus\node_modules\@wdio\sync\build\index.js:55:10)
                    at C:\QA\Health-e-Arizona-plus\node_modules\@wdio\sync\build\index.js:201:70</stack-trace>
            </failure>
        </test-case>
        <test-case start='1559336975941' status='failed' stop='1559336975958'>
            <name>font-size</name>
            <title>font-size</title>
            <labels>
                <label name='language' value='javascript'/>
                <label name='framework' value='wdio'/>
                <label name='thread' value='0-0'/>
            </labels>
            <parameters>
                <parameter kind='argument' name='browser' value='chrome'/>
            </parameters>
            <steps>
                <step start='1559336975942' status='passed' stop='1559336975948'>
                    <name>POST /session/:sessionId/element</name>
                    <title>POST /session/:sessionId/element</title>
                    <attachments>
                        <attachment title='Request' source='cfafb84f-09b0-4e58-a2bf-c5af3c7aa2aa-attachment.json' type='application/json' size='54'/>
                        <attachment title='Response' source='42ce72ed-724a-48d1-b8a6-cbb6f23156e9-attachment.json' type='application/json' size='40'/>
                    </attachments>
                    <steps/>
                </step>
                <step start='1559336975951' status='passed' stop='1559336975957'>
                    <name>GET /session/:sessionId/element/0.07387738681162315-2/css/font-size</name>
                    <title>GET /session/:sessionId/element/0.07387738681162315-2/css/font-size</title>
                    <attachments>
                        <attachment title='Response' source='7b1e8ca6-9cb7-46fa-b969-1fb2f2856d3e-attachment.json' type='application/json' size='6'/>
                    </attachments>
                    <steps/>
                </step>
            </steps>
            <attachments/>
            <failure>
                <message>'12px' == '16px'</message>
                <stack-trace>AssertionError [ERR_ASSERTION]: '12px' == '16px'
                    at Context.equal (C:\QA\Health-e-Arizona-plus\test\body/footer.js:48:20)
                    at Promise (C:\QA\Health-e-Arizona-plus\node_modules\@wdio\sync\build\index.js:57:22)
                    at Context.executeSync (C:\QA\Health-e-Arizona-plus\node_modules\@wdio\sync\build\index.js:55:10)
                    at C:\QA\Health-e-Arizona-plus\node_modules\@wdio\sync\build\index.js:201:70</stack-trace>
            </failure>
        </test-case>
        <test-case start='1559336975958' status='failed' stop='1559336975974'>
            <name>font-family</name>
            <title>font-family</title>
            <labels>
                <label name='language' value='javascript'/>
                <label name='framework' value='wdio'/>
                <label name='thread' value='0-0'/>
            </labels>
            <parameters>
                <parameter kind='argument' name='browser' value='chrome'/>
            </parameters>
            <steps>
                <step start='1559336975958' status='passed' stop='1559336975965'>
                    <name>POST /session/:sessionId/element</name>
                    <title>POST /session/:sessionId/element</title>
                    <attachments>
                        <attachment title='Request' source='73131cd0-5667-45ca-ba46-28c5dc6e6044-attachment.json' type='application/json' size='54'/>
                        <attachment title='Response' source='c95927a1-ba8f-4021-995a-853db36d97b5-attachment.json' type='application/json' size='40'/>
                    </attachments>
                    <steps/>
                </step>
                <step start='1559336975968' status='passed' stop='1559336975974'>
                    <name>GET /session/:sessionId/element/0.07387738681162315-2/css/font-family</name>
                    <title>GET /session/:sessionId/element/0.07387738681162315-2/css/font-family</title>
                    <attachments>
                        <attachment title='Response' source='a803a003-3a2d-4a9c-b03f-ade76e4641a7-attachment.json' type='application/json' size='30'/>
                    </attachments>
                    <steps/>
                </step>
            </steps>
            <attachments/>
            <failure>
                <message>'arial' == 'calibri'</message>
                <stack-trace>AssertionError [ERR_ASSERTION]: 'arial' == 'calibri'
                    at Context.equal (C:\QA\Health-e-Arizona-plus\test\body/footer.js:52:20)
                    at Promise (C:\QA\Health-e-Arizona-plus\node_modules\@wdio\sync\build\index.js:57:22)
                    at Context.executeSync (C:\QA\Health-e-Arizona-plus\node_modules\@wdio\sync\build\index.js:55:10)
                    at C:\QA\Health-e-Arizona-plus\node_modules\@wdio\sync\build\index.js:201:70</stack-trace>
            </failure>
        </test-case>
        <test-case start='1559336975975' status='passed' stop='1559336975994'>
            <name>font-weight</name>
            <title>font-weight</title>
            <labels>
                <label name='language' value='javascript'/>
                <label name='framework' value='wdio'/>
                <label name='thread' value='0-0'/>
            </labels>
            <parameters>
                <parameter kind='argument' name='browser' value='chrome'/>
            </parameters>
            <steps>
                <step start='1559336975975' status='passed' stop='1559336975984'>
                    <name>POST /session/:sessionId/element</name>
                    <title>POST /session/:sessionId/element</title>
                    <attachments>
                        <attachment title='Request' source='b5b954a1-7afd-4165-9097-71db381813f5-attachment.json' type='application/json' size='54'/>
                        <attachment title='Response' source='0702647b-7338-4544-841b-65f0f580b4bf-attachment.json' type='application/json' size='40'/>
                    </attachments>
                    <steps/>
                </step>
                <step start='1559336975987' status='passed' stop='1559336975994'>
                    <name>GET /session/:sessionId/element/0.07387738681162315-2/css/font-weight</name>
                    <title>GET /session/:sessionId/element/0.07387738681162315-2/css/font-weight</title>
                    <attachments>
                        <attachment title='Response' source='aa6f9d95-a625-417c-bc8f-ef788297d179-attachment.json' type='application/json' size='5'/>
                    </attachments>
                    <steps/>
                </step>
            </steps>
            <attachments/>
        </test-case>
    </test-cases>
</ns2:test-suite>