<?xml version='1.0'?>
<ns2:test-suite xmlns:ns2='urn:model.allure.qatools.yandex.ru' start='1559265036987' stop='1559265037083'>
    <name>announcement Description</name>
    <title>announcement Description</title>
    <test-cases>
        <test-case start='1559265036987' status='passed' stop='1559265037006'>
            <name>bcrgd color</name>
            <title>bcrgd color</title>
            <labels>
                <label name='language' value='javascript'/>
                <label name='framework' value='wdio'/>
                <label name='thread' value='0-0'/>
            </labels>
            <parameters>
                <parameter kind='argument' name='browser' value='chrome'/>
            </parameters>
            <steps>
                <step start='1559265036987' status='passed' stop='1559265036994'>
                    <name>POST /session/:sessionId/element</name>
                    <title>POST /session/:sessionId/element</title>
                    <attachments>
                        <attachment title='Request' source='184ba107-c37b-4655-82b6-bc807bdf15f5-attachment.json' type='application/json' size='57'/>
                        <attachment title='Response' source='4e91f6bf-725f-4ce9-858a-906682a3ab93-attachment.json' type='application/json' size='39'/>
                    </attachments>
                    <steps/>
                </step>
                <step start='1559265036996' status='passed' stop='1559265037006'>
                    <name>GET /session/:sessionId/element/0.9320760656027671-2/css/background-color</name>
                    <title>GET /session/:sessionId/element/0.9320760656027671-2/css/background-color</title>
                    <attachments>
                        <attachment title='Response' source='bb7c15ad-c1bc-4ef7-a2bf-f5aa2c8b2290-attachment.json' type='application/json' size='24'/>
                    </attachments>
                    <steps/>
                </step>
            </steps>
            <attachments/>
        </test-case>
        <test-case start='1559265037007' status='failed' stop='1559265037022'>
            <name>color</name>
            <title>color</title>
            <labels>
                <label name='language' value='javascript'/>
                <label name='framework' value='wdio'/>
                <label name='thread' value='0-0'/>
            </labels>
            <parameters>
                <parameter kind='argument' name='browser' value='chrome'/>
            </parameters>
            <steps>
                <step start='1559265037007' status='passed' stop='1559265037014'>
                    <name>POST /session/:sessionId/element</name>
                    <title>POST /session/:sessionId/element</title>
                    <attachments>
                        <attachment title='Request' source='181263ca-5d40-4855-be5d-fe428e1c3f71-attachment.json' type='application/json' size='57'/>
                        <attachment title='Response' source='979f5ab5-db60-40a8-a858-aa5cc77199db-attachment.json' type='application/json' size='39'/>
                    </attachments>
                    <steps/>
                </step>
                <step start='1559265037016' status='passed' stop='1559265037022'>
                    <name>GET /session/:sessionId/element/0.9320760656027671-2/css/color</name>
                    <title>GET /session/:sessionId/element/0.9320760656027671-2/css/color</title>
                    <attachments>
                        <attachment title='Response' source='92651894-8b87-4e7d-a9e7-76802e484bf4-attachment.json' type='application/json' size='21'/>
                    </attachments>
                    <steps/>
                </step>
            </steps>
            <attachments/>
            <failure>
                <message>'#494a4b' == '#ff6802'</message>
                <stack-trace>AssertionError [ERR_ASSERTION]: '#494a4b' == '#ff6802'
                    at Context.equal (C:\QA\Health-e-Arizona-plus\test\body/announcement.js:56:20)
                    at Promise (C:\QA\Health-e-Arizona-plus\node_modules\@wdio\sync\build\index.js:57:22)
                    at Context.executeSync (C:\QA\Health-e-Arizona-plus\node_modules\@wdio\sync\build\index.js:55:10)
                    at C:\QA\Health-e-Arizona-plus\node_modules\@wdio\sync\build\index.js:201:70</stack-trace>
            </failure>
        </test-case>
        <test-case start='1559265037022' status='failed' stop='1559265037038'>
            <name>font-family</name>
            <title>font-family</title>
            <labels>
                <label name='language' value='javascript'/>
                <label name='framework' value='wdio'/>
                <label name='thread' value='0-0'/>
            </labels>
            <parameters>
                <parameter kind='argument' name='browser' value='chrome'/>
            </parameters>
            <steps>
                <step start='1559265037022' status='passed' stop='1559265037028'>
                    <name>POST /session/:sessionId/element</name>
                    <title>POST /session/:sessionId/element</title>
                    <attachments>
                        <attachment title='Request' source='189830a6-95ae-4024-8fa7-a93ff0b48f69-attachment.json' type='application/json' size='57'/>
                        <attachment title='Response' source='3d221004-4479-4c89-9e15-691fb052685e-attachment.json' type='application/json' size='39'/>
                    </attachments>
                    <steps/>
                </step>
                <step start='1559265037030' status='passed' stop='1559265037037'>
                    <name>GET /session/:sessionId/element/0.9320760656027671-2/css/font-family</name>
                    <title>GET /session/:sessionId/element/0.9320760656027671-2/css/font-family</title>
                    <attachments>
                        <attachment title='Response' source='907c3840-4ca3-4bc0-bb3f-f7d290751c72-attachment.json' type='application/json' size='30'/>
                    </attachments>
                    <steps/>
                </step>
            </steps>
            <attachments/>
            <failure>
                <message>'arial' == undefined</message>
                <stack-trace>AssertionError [ERR_ASSERTION]: 'arial' == undefined
                    at Context.equal (C:\QA\Health-e-Arizona-plus\test\body/announcement.js:60:20)
                    at Promise (C:\QA\Health-e-Arizona-plus\node_modules\@wdio\sync\build\index.js:57:22)
                    at Context.executeSync (C:\QA\Health-e-Arizona-plus\node_modules\@wdio\sync\build\index.js:55:10)
                    at C:\QA\Health-e-Arizona-plus\node_modules\@wdio\sync\build\index.js:201:70</stack-trace>
            </failure>
        </test-case>
        <test-case start='1559265037038' status='passed' stop='1559265037051'>
            <name>font-size</name>
            <title>font-size</title>
            <labels>
                <label name='language' value='javascript'/>
                <label name='framework' value='wdio'/>
                <label name='thread' value='0-0'/>
            </labels>
            <parameters>
                <parameter kind='argument' name='browser' value='chrome'/>
            </parameters>
            <steps>
                <step start='1559265037038' status='passed' stop='1559265037044'>
                    <name>POST /session/:sessionId/element</name>
                    <title>POST /session/:sessionId/element</title>
                    <attachments>
                        <attachment title='Request' source='7c19d59b-f3cf-4759-89b9-20276cc66594-attachment.json' type='application/json' size='57'/>
                        <attachment title='Response' source='7bcb2b21-ccdc-4794-884d-6c0ff865e834-attachment.json' type='application/json' size='39'/>
                    </attachments>
                    <steps/>
                </step>
                <step start='1559265037045' status='passed' stop='1559265037051'>
                    <name>GET /session/:sessionId/element/0.9320760656027671-2/css/font-size</name>
                    <title>GET /session/:sessionId/element/0.9320760656027671-2/css/font-size</title>
                    <attachments>
                        <attachment title='Response' source='b6767f8f-2989-4bee-862a-1f11261ea1f3-attachment.json' type='application/json' size='6'/>
                    </attachments>
                    <steps/>
                </step>
            </steps>
            <attachments/>
        </test-case>
        <test-case start='1559265037051' status='passed' stop='1559265037069'>
            <name>font-weight</name>
            <title>font-weight</title>
            <labels>
                <label name='language' value='javascript'/>
                <label name='framework' value='wdio'/>
                <label name='thread' value='0-0'/>
            </labels>
            <parameters>
                <parameter kind='argument' name='browser' value='chrome'/>
            </parameters>
            <steps>
                <step start='1559265037052' status='passed' stop='1559265037058'>
                    <name>POST /session/:sessionId/element</name>
                    <title>POST /session/:sessionId/element</title>
                    <attachments>
                        <attachment title='Request' source='02dffaeb-58de-43fd-80c2-1dcc33ada9d7-attachment.json' type='application/json' size='57'/>
                        <attachment title='Response' source='86592a39-c91d-4de7-ac1b-b7d182d1d6a8-attachment.json' type='application/json' size='39'/>
                    </attachments>
                    <steps/>
                </step>
                <step start='1559265037060' status='passed' stop='1559265037069'>
                    <name>GET /session/:sessionId/element/0.9320760656027671-2/css/font-weight</name>
                    <title>GET /session/:sessionId/element/0.9320760656027671-2/css/font-weight</title>
                    <attachments>
                        <attachment title='Response' source='ce8238f7-d197-474f-a0e4-f02cc8bb8093-attachment.json' type='application/json' size='5'/>
                    </attachments>
                    <steps/>
                </step>
            </steps>
            <attachments/>
        </test-case>
        <test-case start='1559265037069' status='failed' stop='1559265037083'>
            <name>font-style</name>
            <title>font-style</title>
            <labels>
                <label name='language' value='javascript'/>
                <label name='framework' value='wdio'/>
                <label name='thread' value='0-0'/>
            </labels>
            <parameters>
                <parameter kind='argument' name='browser' value='chrome'/>
            </parameters>
            <steps>
                <step start='1559265037069' status='passed' stop='1559265037075'>
                    <name>POST /session/:sessionId/element</name>
                    <title>POST /session/:sessionId/element</title>
                    <attachments>
                        <attachment title='Request' source='989c8b66-429c-4393-a74d-e7ab6ff65f76-attachment.json' type='application/json' size='57'/>
                        <attachment title='Response' source='edc0d105-da01-4a36-8722-904ce2be0fc8-attachment.json' type='application/json' size='39'/>
                    </attachments>
                    <steps/>
                </step>
                <step start='1559265037077' status='passed' stop='1559265037083'>
                    <name>GET /session/:sessionId/element/0.9320760656027671-2/css/font-style</name>
                    <title>GET /session/:sessionId/element/0.9320760656027671-2/css/font-style</title>
                    <attachments>
                        <attachment title='Response' source='6988ee3e-e7cf-4c0f-bf8f-38c143d14b50-attachment.json' type='application/json' size='8'/>
                    </attachments>
                    <steps/>
                </step>
            </steps>
            <attachments/>
            <failure>
                <message>'normal' == undefined</message>
                <stack-trace>AssertionError [ERR_ASSERTION]: 'normal' == undefined
                    at Context.equal (C:\QA\Health-e-Arizona-plus\test\body/announcement.js:72:20)
                    at Promise (C:\QA\Health-e-Arizona-plus\node_modules\@wdio\sync\build\index.js:57:22)
                    at Context.executeSync (C:\QA\Health-e-Arizona-plus\node_modules\@wdio\sync\build\index.js:55:10)
                    at C:\QA\Health-e-Arizona-plus\node_modules\@wdio\sync\build\index.js:201:70</stack-trace>
            </failure>
        </test-case>
    </test-cases>
</ns2:test-suite>