<?xml version='1.0'?>
<ns2:test-suite xmlns:ns2='urn:model.allure.qatools.yandex.ru' start='1559265036913' stop='1559265036984'>
    <name>announcement Header</name>
    <title>announcement Header</title>
    <test-cases>
        <test-case start='1559265036913' status='passed' stop='1559265036931'>
            <name>color</name>
            <title>color</title>
            <labels>
                <label name='language' value='javascript'/>
                <label name='framework' value='wdio'/>
                <label name='thread' value='0-0'/>
            </labels>
            <parameters>
                <parameter kind='argument' name='browser' value='chrome'/>
            </parameters>
            <steps>
                <step start='1559265036913' status='passed' stop='1559265036922'>
                    <name>POST /session/:sessionId/element</name>
                    <title>POST /session/:sessionId/element</title>
                    <attachments>
                        <attachment title='Request' source='ddf28c58-ce71-47b0-8397-24d37e45779e-attachment.json' type='application/json' size='58'/>
                        <attachment title='Response' source='af7668c0-251e-4e6f-a3c8-edbac6c31ad0-attachment.json' type='application/json' size='39'/>
                    </attachments>
                    <steps/>
                </step>
                <step start='1559265036923' status='passed' stop='1559265036930'>
                    <name>GET /session/:sessionId/element/0.9320760656027671-3/css/color</name>
                    <title>GET /session/:sessionId/element/0.9320760656027671-3/css/color</title>
                    <attachments>
                        <attachment title='Response' source='d42a6a09-1c93-49cd-a2ab-108ea96ffdd1-attachment.json' type='application/json' size='22'/>
                    </attachments>
                    <steps/>
                </step>
            </steps>
            <attachments/>
        </test-case>
        <test-case start='1559265036931' status='failed' stop='1559265036952'>
            <name>font-family</name>
            <title>font-family</title>
            <labels>
                <label name='language' value='javascript'/>
                <label name='framework' value='wdio'/>
                <label name='thread' value='0-0'/>
            </labels>
            <parameters>
                <parameter kind='argument' name='browser' value='chrome'/>
            </parameters>
            <steps>
                <step start='1559265036931' status='passed' stop='1559265036938'>
                    <name>POST /session/:sessionId/element</name>
                    <title>POST /session/:sessionId/element</title>
                    <attachments>
                        <attachment title='Request' source='cb15f1cf-9162-48f0-ad06-f1157ff99a0c-attachment.json' type='application/json' size='58'/>
                        <attachment title='Response' source='2e3957f1-d50b-4e87-81da-6cd99d0a1ec8-attachment.json' type='application/json' size='39'/>
                    </attachments>
                    <steps/>
                </step>
                <step start='1559265036939' status='passed' stop='1559265036946'>
                    <name>GET /session/:sessionId/element/0.9320760656027671-3/css/font-family</name>
                    <title>GET /session/:sessionId/element/0.9320760656027671-3/css/font-family</title>
                    <attachments>
                        <attachment title='Response' source='11b044d5-6b33-4014-a002-b76605e5f050-attachment.json' type='application/json' size='9'/>
                    </attachments>
                    <steps/>
                </step>
            </steps>
            <attachments/>
            <failure>
                <message>'calibri' == 'arial'</message>
                <stack-trace>AssertionError [ERR_ASSERTION]: 'calibri' == 'arial'
                    at Context.equal (C:\QA\Health-e-Arizona-plus\test\body/announcement.js:36:20)
                    at Promise (C:\QA\Health-e-Arizona-plus\node_modules\@wdio\sync\build\index.js:57:22)
                    at Context.executeSync (C:\QA\Health-e-Arizona-plus\node_modules\@wdio\sync\build\index.js:55:10)
                    at C:\QA\Health-e-Arizona-plus\node_modules\@wdio\sync\build\index.js:201:70</stack-trace>
            </failure>
        </test-case>
        <test-case start='1559265036952' status='failed' stop='1559265036968'>
            <name>font-size</name>
            <title>font-size</title>
            <labels>
                <label name='language' value='javascript'/>
                <label name='framework' value='wdio'/>
                <label name='thread' value='0-0'/>
            </labels>
            <parameters>
                <parameter kind='argument' name='browser' value='chrome'/>
            </parameters>
            <steps>
                <step start='1559265036952' status='passed' stop='1559265036959'>
                    <name>POST /session/:sessionId/element</name>
                    <title>POST /session/:sessionId/element</title>
                    <attachments>
                        <attachment title='Request' source='a2c42287-4237-433d-a6db-afd32fb79b49-attachment.json' type='application/json' size='58'/>
                        <attachment title='Response' source='6cbeed6f-e170-4c78-b778-7f16e2471d52-attachment.json' type='application/json' size='39'/>
                    </attachments>
                    <steps/>
                </step>
                <step start='1559265036961' status='passed' stop='1559265036968'>
                    <name>GET /session/:sessionId/element/0.9320760656027671-3/css/font-size</name>
                    <title>GET /session/:sessionId/element/0.9320760656027671-3/css/font-size</title>
                    <attachments>
                        <attachment title='Response' source='617416c3-5224-4135-b00a-4f602d7d59dd-attachment.json' type='application/json' size='6'/>
                    </attachments>
                    <steps/>
                </step>
            </steps>
            <attachments/>
            <failure>
                <message>'22px' == '12px'</message>
                <stack-trace>AssertionError [ERR_ASSERTION]: '22px' == '12px'
                    at Context.equal (C:\QA\Health-e-Arizona-plus\test\body/announcement.js:40:20)
                    at Promise (C:\QA\Health-e-Arizona-plus\node_modules\@wdio\sync\build\index.js:57:22)
                    at Context.executeSync (C:\QA\Health-e-Arizona-plus\node_modules\@wdio\sync\build\index.js:55:10)
                    at C:\QA\Health-e-Arizona-plus\node_modules\@wdio\sync\build\index.js:201:70</stack-trace>
            </failure>
        </test-case>
        <test-case start='1559265036969' status='failed' stop='1559265036984'>
            <name>font-weight</name>
            <title>font-weight</title>
            <labels>
                <label name='language' value='javascript'/>
                <label name='framework' value='wdio'/>
                <label name='thread' value='0-0'/>
            </labels>
            <parameters>
                <parameter kind='argument' name='browser' value='chrome'/>
            </parameters>
            <steps>
                <step start='1559265036969' status='passed' stop='1559265036975'>
                    <name>POST /session/:sessionId/element</name>
                    <title>POST /session/:sessionId/element</title>
                    <attachments>
                        <attachment title='Request' source='786222c7-4167-4cb2-9e52-dc2cad17786e-attachment.json' type='application/json' size='58'/>
                        <attachment title='Response' source='39606a01-ee15-487d-9a46-fae58f0b6a04-attachment.json' type='application/json' size='39'/>
                    </attachments>
                    <steps/>
                </step>
                <step start='1559265036977' status='passed' stop='1559265036983'>
                    <name>GET /session/:sessionId/element/0.9320760656027671-3/css/font-weight</name>
                    <title>GET /session/:sessionId/element/0.9320760656027671-3/css/font-weight</title>
                    <attachments>
                        <attachment title='Response' source='53cbe15f-57b2-43b3-bcf9-51cdceda130c-attachment.json' type='application/json' size='5'/>
                    </attachments>
                    <steps/>
                </step>
            </steps>
            <attachments/>
            <failure>
                <message>700 == 400</message>
                <stack-trace>AssertionError [ERR_ASSERTION]: 700 == 400
                    at Context.equal (C:\QA\Health-e-Arizona-plus\test\body/announcement.js:44:20)
                    at Promise (C:\QA\Health-e-Arizona-plus\node_modules\@wdio\sync\build\index.js:57:22)
                    at Context.executeSync (C:\QA\Health-e-Arizona-plus\node_modules\@wdio\sync\build\index.js:55:10)
                    at C:\QA\Health-e-Arizona-plus\node_modules\@wdio\sync\build\index.js:201:70</stack-trace>
            </failure>
        </test-case>
    </test-cases>
</ns2:test-suite>