<?xml version='1.0'?>
<ns2:test-suite xmlns:ns2='urn:model.allure.qatools.yandex.ru' start='1559405864873' stop='1559405864948'>
    <name>Header Links</name>
    <title>Header Links</title>
    <test-cases>
        <test-case start='1559405864873' status='broken' stop='1559405864893'>
            <name>color</name>
            <title>color</title>
            <labels>
                <label name='language' value='javascript'/>
                <label name='framework' value='wdio'/>
                <label name='thread' value='0-0'/>
            </labels>
            <parameters>
                <parameter kind='argument' name='browser' value='chrome'/>
            </parameters>
            <steps>
                <step start='1559405864874' status='passed' stop='1559405864883'>
                    <name>POST /session/:sessionId/elements</name>
                    <title>POST /session/:sessionId/elements</title>
                    <attachments>
                        <attachment title='Request' source='e2866201-6b43-43dd-a7fa-e5dcfd8021c8-attachment.json' type='application/json' size='66'/>
                        <attachment title='Response' source='0f2572a9-c282-42f4-ad35-f246e7da30b6-attachment.json' type='application/json' size='284'/>
                    </attachments>
                    <steps/>
                </step>
                <step start='1559405864886' status='passed' stop='1559405864892'>
                    <name>GET /session/:sessionId/element/0.5711053324391835-4/css/color</name>
                    <title>GET /session/:sessionId/element/0.5711053324391835-4/css/color</title>
                    <attachments>
                        <attachment title='Response' source='1f2044f8-5604-4215-93cb-14b44f296a2f-attachment.json' type='application/json' size='24'/>
                    </attachments>
                    <steps/>
                </step>
            </steps>
            <attachments/>
            <failure>
                <message>Cannot read property 'equal' of undefined</message>
                <stack-trace>TypeError: Cannot read property 'equal' of undefined
                    at Context.equal (C:\QA\Health-e-Arizona-plus\test/header.js:59:24)
                    at Promise (C:\QA\Health-e-Arizona-plus\node_modules\@wdio\sync\build\index.js:57:22)
                    at Context.executeSync (C:\QA\Health-e-Arizona-plus\node_modules\@wdio\sync\build\index.js:55:10)
                    at C:\QA\Health-e-Arizona-plus\node_modules\@wdio\sync\build\index.js:201:70</stack-trace>
            </failure>
        </test-case>
        <test-case start='1559405864893' status='broken' stop='1559405864912'>
            <name>font-family</name>
            <title>font-family</title>
            <labels>
                <label name='language' value='javascript'/>
                <label name='framework' value='wdio'/>
                <label name='thread' value='0-0'/>
            </labels>
            <parameters>
                <parameter kind='argument' name='browser' value='chrome'/>
            </parameters>
            <steps>
                <step start='1559405864893' status='passed' stop='1559405864899'>
                    <name>POST /session/:sessionId/elements</name>
                    <title>POST /session/:sessionId/elements</title>
                    <attachments>
                        <attachment title='Request' source='68211c44-de27-46a2-b144-3ebab801db8b-attachment.json' type='application/json' size='66'/>
                        <attachment title='Response' source='d576cb90-3be2-4f8b-a0e1-f1f3b4fde6e8-attachment.json' type='application/json' size='284'/>
                    </attachments>
                    <steps/>
                </step>
                <step start='1559405864905' status='passed' stop='1559405864911'>
                    <name>GET /session/:sessionId/element/0.5711053324391835-4/css/font-family</name>
                    <title>GET /session/:sessionId/element/0.5711053324391835-4/css/font-family</title>
                    <attachments>
                        <attachment title='Response' source='f8c4425f-4c7f-44cc-98e8-064925e28c00-attachment.json' type='application/json' size='30'/>
                    </attachments>
                    <steps/>
                </step>
            </steps>
            <attachments/>
            <failure>
                <message>Cannot read property 'equal' of undefined</message>
                <stack-trace>TypeError: Cannot read property 'equal' of undefined
                    at Context.equal (C:\QA\Health-e-Arizona-plus\test/header.js:71:24)
                    at Promise (C:\QA\Health-e-Arizona-plus\node_modules\@wdio\sync\build\index.js:57:22)
                    at Context.executeSync (C:\QA\Health-e-Arizona-plus\node_modules\@wdio\sync\build\index.js:55:10)
                    at C:\QA\Health-e-Arizona-plus\node_modules\@wdio\sync\build\index.js:201:70</stack-trace>
            </failure>
        </test-case>
        <test-case start='1559405864912' status='broken' stop='1559405864930'>
            <name>font-size</name>
            <title>font-size</title>
            <labels>
                <label name='language' value='javascript'/>
                <label name='framework' value='wdio'/>
                <label name='thread' value='0-0'/>
            </labels>
            <parameters>
                <parameter kind='argument' name='browser' value='chrome'/>
            </parameters>
            <steps>
                <step start='1559405864912' status='passed' stop='1559405864919'>
                    <name>POST /session/:sessionId/elements</name>
                    <title>POST /session/:sessionId/elements</title>
                    <attachments>
                        <attachment title='Request' source='87c91785-a1e3-42d9-ac16-d4648b84dc3f-attachment.json' type='application/json' size='66'/>
                        <attachment title='Response' source='7b2d47be-1296-4a20-8915-9ec07693ee5d-attachment.json' type='application/json' size='284'/>
                    </attachments>
                    <steps/>
                </step>
                <step start='1559405864923' status='passed' stop='1559405864930'>
                    <name>GET /session/:sessionId/element/0.5711053324391835-4/css/font-size</name>
                    <title>GET /session/:sessionId/element/0.5711053324391835-4/css/font-size</title>
                    <attachments>
                        <attachment title='Response' source='2df9a4e5-94fe-4ede-92cc-d28a16fc1f7d-attachment.json' type='application/json' size='6'/>
                    </attachments>
                    <steps/>
                </step>
            </steps>
            <attachments/>
            <failure>
                <message>Cannot read property 'equal' of undefined</message>
                <stack-trace>TypeError: Cannot read property 'equal' of undefined
                    at Context.equal (C:\QA\Health-e-Arizona-plus\test/header.js:83:24)
                    at Promise (C:\QA\Health-e-Arizona-plus\node_modules\@wdio\sync\build\index.js:57:22)
                    at Context.executeSync (C:\QA\Health-e-Arizona-plus\node_modules\@wdio\sync\build\index.js:55:10)
                    at C:\QA\Health-e-Arizona-plus\node_modules\@wdio\sync\build\index.js:201:70</stack-trace>
            </failure>
        </test-case>
        <test-case start='1559405864930' status='broken' stop='1559405864948'>
            <name>font-weight</name>
            <title>font-weight</title>
            <labels>
                <label name='language' value='javascript'/>
                <label name='framework' value='wdio'/>
                <label name='thread' value='0-0'/>
            </labels>
            <parameters>
                <parameter kind='argument' name='browser' value='chrome'/>
            </parameters>
            <steps>
                <step start='1559405864930' status='passed' stop='1559405864937'>
                    <name>POST /session/:sessionId/elements</name>
                    <title>POST /session/:sessionId/elements</title>
                    <attachments>
                        <attachment title='Request' source='7583fb81-da23-4209-9193-6b0800a9464d-attachment.json' type='application/json' size='66'/>
                        <attachment title='Response' source='0ad7c3da-edfb-41c8-b528-2e3fc1516ffa-attachment.json' type='application/json' size='284'/>
                    </attachments>
                    <steps/>
                </step>
                <step start='1559405864940' status='passed' stop='1559405864947'>
                    <name>GET /session/:sessionId/element/0.5711053324391835-4/css/font-weight</name>
                    <title>GET /session/:sessionId/element/0.5711053324391835-4/css/font-weight</title>
                    <attachments>
                        <attachment title='Response' source='13cf3499-108f-4521-b422-cd85e41cca03-attachment.json' type='application/json' size='5'/>
                    </attachments>
                    <steps/>
                </step>
            </steps>
            <attachments/>
            <failure>
                <message>Cannot read property 'equal' of undefined</message>
                <stack-trace>TypeError: Cannot read property 'equal' of undefined
                    at Context.equal (C:\QA\Health-e-Arizona-plus\test/header.js:95:24)
                    at Promise (C:\QA\Health-e-Arizona-plus\node_modules\@wdio\sync\build\index.js:57:22)
                    at Context.executeSync (C:\QA\Health-e-Arizona-plus\node_modules\@wdio\sync\build\index.js:55:10)
                    at C:\QA\Health-e-Arizona-plus\node_modules\@wdio\sync\build\index.js:201:70</stack-trace>
            </failure>
        </test-case>
    </test-cases>
</ns2:test-suite>